[0mGET / [32m200[0m 499.578 ms - 259[0m
[0mGET /css/index.css [32m200[0m 12.536 ms - 72[0m
[0mGET /js/index.js [32m200[0m 12.766 ms - -[0m
[0mGET / [32m200[0m 16.020 ms - 259[0m
[0mGET /css/index.css [32m200[0m 5.890 ms - 72[0m
[0mGET /js/index.js [32m200[0m 6.934 ms - -[0m
[0mGET /icon.ico [33m404[0m 2.784 ms - 147[0m
[0mGET / [32m200[0m 28.964 ms - 368[0m
[0mGET /css/index.css [36m304[0m 6.445 ms - -[0m
[0mGET /js/index.js [36m304[0m 0.978 ms - -[0m
[0mGET / [32m200[0m 24.234 ms - 384[0m
[0mGET /css/index.css [36m304[0m 3.080 ms - -[0m
[0mGET /js/index.js [36m304[0m 1.867 ms - -[0m
[0mGET / [32m200[0m 23.941 ms - 416[0m
[0mGET /css/index.css [36m304[0m 1.474 ms - -[0m
[0mGET /js/index.js [36m304[0m 1.391 ms - -[0m
[0mGET / [32m200[0m 22.447 ms - 432[0m
[0mGET /css/index.css [36m304[0m 1.305 ms - -[0m
[0mGET /js/index.js [36m304[0m 1.241 ms - -[0m
[0mGET / [36m304[0m 17.049 ms - -[0m
[0mGET /js/index.js [36m304[0m 0.919 ms - -[0m
[0mGET /css/index.css [32m200[0m 2.410 ms - 128[0m
[0mGET / [36m304[0m 22.985 ms - -[0m
[0mGET /css/index.css [32m200[0m 1.553 ms - 204[0m
[0mGET /js/index.js [36m304[0m 5.934 ms - -[0m
[0mGET / [36m304[0m 15.829 ms - -[0m
[0mGET /css/index.css [36m304[0m 1.514 ms - -[0m
[0mGET /js/index.js [36m304[0m 1.796 ms - -[0m
[0mGET / [36m304[0m 20.068 ms - -[0m
[0mGET /css/index.css [36m304[0m 2.232 ms - -[0m
[0mGET /js/index.js [36m304[0m 1.675 ms - -[0m
[0mGET / [36m304[0m 13.745 ms - -[0m
[0mGET /css/index.css [36m304[0m 2.225 ms - -[0m
[0mGET /js/index.js [36m304[0m 0.648 ms - -[0m
[0mGET / [36m304[0m 13.335 ms - -[0m
[0mGET /js/index.js [36m304[0m 1.359 ms - -[0m
[0mGET /css/index.css [32m200[0m 4.780 ms - 255[0m
[0mGET / [36m304[0m 21.143 ms - -[0m
[0mGET /js/index.js [36m304[0m 0.991 ms - -[0m
[0mGET /css/index.css [32m200[0m 1.640 ms - 317[0m
[0mGET / [36m304[0m 13.943 ms - -[0m
[0mGET /css/index.css [36m304[0m 1.284 ms - -[0m
[0mGET /js/index.js [36m304[0m 1.115 ms - -[0m
[0mGET / [36m304[0m 12.848 ms - -[0m
[0mGET /css/index.css [36m304[0m 1.917 ms - -[0m
[0mGET /js/index.js [36m304[0m 1.626 ms - -[0m
[0mGET / [36m304[0m 12.215 ms - -[0m
[0mGET /css/index.css [36m304[0m 1.695 ms - -[0m
[0mGET /js/index.js [36m304[0m 0.609 ms - -[0m
[0mGET / [36m304[0m 12.711 ms - -[0m
[0mGET /css/index.css [36m304[0m 1.813 ms - -[0m
[0mGET /js/index.js [36m304[0m 1.652 ms - -[0m
[0mGET / [36m304[0m 12.676 ms - -[0m
[0mGET /css/index.css [36m304[0m 1.226 ms - -[0m
[0mGET /js/index.js [36m304[0m 1.845 ms - -[0m
[0mGET / [36m304[0m 16.072 ms - -[0m
[0mGET /css/index.css [36m304[0m 2.007 ms - -[0m
[0mGET /js/index.js [36m304[0m 2.218 ms - -[0m
[0mGET / [36m304[0m 13.750 ms - -[0m
[0mGET /css/index.css [32m200[0m 4.109 ms - 417[0m
[0mGET /js/index.js [36m304[0m 0.932 ms - -[0m
[0mGET / [36m304[0m 9.329 ms - -[0m
[0mGET /css/index.css [32m200[0m 2.119 ms - 446[0m
[0mGET /js/index.js [36m304[0m 1.519 ms - -[0m
[0mGET / [36m304[0m 11.259 ms - -[0m
[0mGET /css/index.css [32m200[0m 1.871 ms - 457[0m
[0mGET /js/index.js [36m304[0m 2.745 ms - -[0m
[0mGET / [36m304[0m 16.394 ms - -[0m
[0mGET /js/index.js [36m304[0m 1.100 ms - -[0m
[0mGET /css/index.css [32m200[0m 1.851 ms - 476[0m
[0mGET / [36m304[0m 16.447 ms - -[0m
[0mGET /css/index.css [36m304[0m 1.122 ms - -[0m
[0mGET /js/index.js [36m304[0m 1.135 ms - -[0m
[0mGET / [36m304[0m 12.069 ms - -[0m
[0mGET /css/index.css [32m200[0m 7.729 ms - 503[0m
[0mGET /js/index.js [36m304[0m 1.692 ms - -[0m
[0mGET / [36m304[0m 14.651 ms - -[0m
[0mGET /css/index.css [36m304[0m 1.263 ms - -[0m
[0mGET /js/index.js [36m304[0m 1.010 ms - -[0m
[0mGET / [36m304[0m 12.492 ms - -[0m
[0mGET /css/index.css [32m200[0m 2.397 ms - 505[0m
[0mGET /js/index.js [36m304[0m 1.236 ms - -[0m
[0mGET / [36m304[0m 8.567 ms - -[0m
[0mGET /css/index.css [36m304[0m 1.147 ms - -[0m
[0mGET /js/index.js [36m304[0m 1.463 ms - -[0m
[0mGET / [36m304[0m 10.685 ms - -[0m
[0mGET /css/index.css [36m304[0m 1.231 ms - -[0m
[0mGET /js/index.js [36m304[0m 1.136 ms - -[0m
[0mGET / [36m304[0m 10.336 ms - -[0m
[0mGET /css/index.css [36m304[0m 2.924 ms - -[0m
[0mGET /js/index.js [36m304[0m 1.825 ms - -[0m
[0mGET / [36m304[0m 11.077 ms - -[0m
[0mGET /css/index.css [36m304[0m 1.337 ms - -[0m
[0mGET /js/index.js [36m304[0m 1.172 ms - -[0m
[0mGET / [36m304[0m 9.756 ms - -[0m
[0mGET /css/index.css [32m200[0m 1.649 ms - 506[0m
[0mGET /js/index.js [36m304[0m 4.154 ms - -[0m
[0mGET / [36m304[0m 10.991 ms - -[0m
[0mGET /css/index.css [36m304[0m 0.547 ms - -[0m
[0mGET /js/index.js [36m304[0m 0.800 ms - -[0m
[0mGET / [36m304[0m 14.431 ms - -[0m
[0mGET /css/index.css [36m304[0m 0.923 ms - -[0m
[0mGET /js/index.js [36m304[0m 2.690 ms - -[0m
[0mGET / [36m304[0m 12.059 ms - -[0m
[0mGET /css/index.css [36m304[0m 0.883 ms - -[0m
[0mGET /js/index.js [36m304[0m 1.122 ms - -[0m
[0mGET / [36m304[0m 11.620 ms - -[0m
[0mGET /css/index.css [36m304[0m 2.397 ms - -[0m
[0mGET /js/index.js [36m304[0m 1.238 ms - -[0m
[0mGET / [36m304[0m 10.585 ms - -[0m
[0mGET /css/index.css [36m304[0m 0.974 ms - -[0m
[0mGET /js/index.js [36m304[0m 0.874 ms - -[0m
[0mGET / [36m304[0m 14.423 ms - -[0m
[0mGET /css/index.css [36m304[0m 1.792 ms - -[0m
[0mGET /js/index.js [36m304[0m 1.783 ms - -[0m
[0mGET / [36m304[0m 9.936 ms - -[0m
[0mGET /css/index.css [36m304[0m 0.871 ms - -[0m
[0mGET /js/index.js [36m304[0m 2.153 ms - -[0m
[0mGET / [36m304[0m 8.694 ms - -[0m
[0mGET /css/index.css [36m304[0m 1.237 ms - -[0m
[0mGET /js/index.js [36m304[0m 0.597 ms - -[0m
[0mGET / [36m304[0m 11.718 ms - -[0m
[0mGET /css/index.css [36m304[0m 1.689 ms - -[0m
[0mGET /js/index.js [36m304[0m 2.770 ms - -[0m
[0mGET / [36m304[0m 9.975 ms - -[0m
[0mGET /css/index.css [36m304[0m 1.115 ms - -[0m
[0mGET /js/index.js [36m304[0m 0.976 ms - -[0m
[0mGET / [32m200[0m 13.971 ms - 442[0m
[0mGET /css/index.css [36m304[0m 2.559 ms - -[0m
[0mGET /js/index.js [36m304[0m 2.900 ms - -[0m
[0mGET / [36m304[0m 10.699 ms - -[0m
[0mGET /css/index.css [36m304[0m 3.280 ms - -[0m
[0mGET /js/index.js [36m304[0m 3.023 ms - -[0m
[0mGET / [36m304[0m 8.493 ms - -[0m
[0mGET /css/index.css [36m304[0m 3.141 ms - -[0m
[0mGET /js/index.js [36m304[0m 1.453 ms - -[0m
[0mGET / [36m304[0m 10.349 ms - -[0m
[0mGET /css/index.css [36m304[0m 1.676 ms - -[0m
[0mGET /js/index.js [36m304[0m 1.471 ms - -[0m
[0mGET / [36m304[0m 11.468 ms - -[0m
[0mGET /css/index.css [36m304[0m 1.209 ms - -[0m
[0mGET /js/index.js [36m304[0m 1.767 ms - -[0m
[0mGET / [36m304[0m 9.902 ms - -[0m
[0mGET /css/index.css [36m304[0m 1.778 ms - -[0m
[0mGET /js/index.js [36m304[0m 2.133 ms - -[0m
[0mGET / [36m304[0m 10.209 ms - -[0m
[0mGET /css/index.css [32m200[0m 1.687 ms - 551[0m
[0mGET /js/index.js [36m304[0m 3.657 ms - -[0m
[0mGET / [36m304[0m 9.322 ms - -[0m
[0mGET /css/index.css [36m304[0m 1.751 ms - -[0m
[0mGET /js/index.js [36m304[0m 2.770 ms - -[0m
[0mGET / [36m304[0m 8.364 ms - -[0m
[0mGET /js/index.js [36m304[0m 0.624 ms - -[0m
[0mGET /css/index.css [32m200[0m 2.995 ms - 570[0m
[0mGET / [36m304[0m 10.240 ms - -[0m
[0mGET /css/index.css [32m200[0m 1.058 ms - 599[0m
[0mGET /js/index.js [36m304[0m 1.150 ms - -[0m
[0mGET / [36m304[0m 11.364 ms - -[0m
[0mGET /css/index.css [36m304[0m 1.286 ms - -[0m
[0mGET /js/index.js [36m304[0m 1.517 ms - -[0m
[0mGET / [36m304[0m 8.341 ms - -[0m
[0mGET /js/index.js [36m304[0m 3.838 ms - -[0m
[0mGET /css/index.css [32m200[0m 8.086 ms - 602[0m
[0mGET / [36m304[0m 9.674 ms - -[0m
[0mGET /css/index.css [36m304[0m 2.615 ms - -[0m
[0mGET /js/index.js [36m304[0m 0.990 ms - -[0m
[0mGET / [36m304[0m 9.353 ms - -[0m
[0mGET /css/index.css [36m304[0m 1.061 ms - -[0m
[0mGET /js/index.js [36m304[0m 1.707 ms - -[0m
[0mGET / [36m304[0m 9.314 ms - -[0m
[0mGET /js/index.js [36m304[0m 2.045 ms - -[0m
[0mGET /css/index.css [32m200[0m 6.324 ms - 624[0m
[0mGET / [36m304[0m 10.530 ms - -[0m
[0mGET /js/index.js [36m304[0m 1.575 ms - -[0m
[0mGET /css/index.css [32m200[0m 4.872 ms - 643[0m
[0mGET / [36m304[0m 8.651 ms - -[0m
[0mGET /css/index.css [36m304[0m 1.277 ms - -[0m
[0mGET /js/index.js [36m304[0m 1.631 ms - -[0m
[0mGET / [36m304[0m 9.049 ms - -[0m
[0mGET /css/index.css [36m304[0m 0.817 ms - -[0m
[0mGET /js/index.js [36m304[0m 1.732 ms - -[0m
[0mGET / [36m304[0m 10.565 ms - -[0m
[0mGET /css/index.css [36m304[0m 3.116 ms - -[0m
[0mGET /js/index.js [36m304[0m 2.241 ms - -[0m
[0mGET / [36m304[0m 8.614 ms - -[0m
[0mGET /css/index.css [36m304[0m 1.618 ms - -[0m
[0mGET /js/index.js [36m304[0m 0.601 ms - -[0m
[0mGET / [36m304[0m 10.959 ms - -[0m
[0mGET /css/index.css [36m304[0m 1.853 ms - -[0m
[0mGET /js/index.js [36m304[0m 0.847 ms - -[0m
[0mGET / [36m304[0m 7.908 ms - -[0m
[0mGET /css/index.css [36m304[0m 1.164 ms - -[0m
[0mGET /js/index.js [36m304[0m 1.655 ms - -[0m
[0mGET / [36m304[0m 7.798 ms - -[0m
[0mGET /js/index.js [36m304[0m 1.043 ms - -[0m
[0mGET /css/index.css [32m200[0m 3.027 ms - 654[0m
[0mGET / [36m304[0m 10.971 ms - -[0m
[0mGET /js/index.js [36m304[0m 2.686 ms - -[0m
[0mGET /css/index.css [32m200[0m 6.787 ms - 654[0m
[0mGET / [36m304[0m 8.382 ms - -[0m
[0mGET /js/index.js [36m304[0m 0.525 ms - -[0m
[0mGET /css/index.css [32m200[0m 2.828 ms - 679[0m
[0mGET / [36m304[0m 12.789 ms - -[0m
[0mGET /css/index.css [36m304[0m 1.328 ms - -[0m
[0mGET /js/index.js [36m304[0m 2.016 ms - -[0m
[0mGET / [36m304[0m 13.332 ms - -[0m
[0mGET /css/index.css [36m304[0m 0.989 ms - -[0m
[0mGET /js/index.js [36m304[0m 1.076 ms - -[0m
[0mGET / [36m304[0m 8.210 ms - -[0m
[0mGET /js/index.js [36m304[0m 0.775 ms - -[0m
[0mGET /css/index.css [32m200[0m 3.488 ms - 679[0m
[0mGET / [36m304[0m 10.495 ms - -[0m
[0mGET /css/index.css [36m304[0m 1.639 ms - -[0m
[0mGET /js/index.js [36m304[0m 1.672 ms - -[0m
[0mGET / [36m304[0m 8.068 ms - -[0m
[0mGET /css/index.css [36m304[0m 0.755 ms - -[0m
[0mGET /js/index.js [36m304[0m 0.688 ms - -[0m
[0mGET / [36m304[0m 10.659 ms - -[0m
[0mGET /css/index.css [36m304[0m 2.847 ms - -[0m
[0mGET /js/index.js [36m304[0m 1.223 ms - -[0m
[0mGET / [36m304[0m 10.328 ms - -[0m
[0mGET /css/index.css [32m200[0m 5.849 ms - 703[0m
[0mGET /js/index.js [36m304[0m 0.977 ms - -[0m
[0mGET / [36m304[0m 13.116 ms - -[0m
[0mGET /js/index.js [36m304[0m 0.833 ms - -[0m
[0mGET /css/index.css [32m200[0m 3.143 ms - 701[0m
[0mGET / [36m304[0m 10.025 ms - -[0m
[0mGET /css/index.css [32m200[0m 4.072 ms - 701[0m
[0mGET /js/index.js [36m304[0m 0.578 ms - -[0m
[0mGET / [36m304[0m 9.495 ms - -[0m
[0mGET /js/index.js [36m304[0m 1.441 ms - -[0m
[0mGET /css/index.css [32m200[0m 4.226 ms - 682[0m
[0mGET / [36m304[0m 8.197 ms - -[0m
[0mGET /css/index.css [32m200[0m 2.226 ms - 682[0m
[0mGET /js/index.js [36m304[0m 2.847 ms - -[0m
[0mGET / [36m304[0m 10.950 ms - -[0m
[0mGET /js/index.js [36m304[0m 0.922 ms - -[0m
[0mGET /css/index.css [32m200[0m 2.214 ms - 682[0m
[0mGET / [36m304[0m 9.455 ms - -[0m
[0mGET /css/index.css [36m304[0m 1.352 ms - -[0m
[0mGET /js/index.js [36m304[0m 1.275 ms - -[0m
[0mGET / [36m304[0m 13.964 ms - -[0m
[0mGET /js/index.js [36m304[0m 2.322 ms - -[0m
[0mGET /css/index.css [32m200[0m 7.270 ms - 682[0m
[0mGET / [36m304[0m 7.571 ms - -[0m
[0mGET /css/index.css [36m304[0m 1.269 ms - -[0m
[0mGET /js/index.js [36m304[0m 0.771 ms - -[0m
[0mGET / [36m304[0m 11.567 ms - -[0m
[0mGET /js/index.js [36m304[0m 0.832 ms - -[0m
[0mGET /css/index.css [32m200[0m 2.211 ms - 682[0m
[0mGET / [36m304[0m 11.280 ms - -[0m
[0mGET /css/index.css [36m304[0m 1.202 ms - -[0m
[0mGET /js/index.js [36m304[0m 0.895 ms - -[0m
[0mGET / [36m304[0m 7.306 ms - -[0m
[0mGET /css/index.css [36m304[0m 1.464 ms - -[0m
[0mGET /js/index.js [36m304[0m 1.228 ms - -[0m
[0mGET / [36m304[0m 9.642 ms - -[0m
[0mGET /css/index.css [32m200[0m 6.936 ms - 682[0m
[0mGET /js/index.js [36m304[0m 0.869 ms - -[0m
[0mGET / [36m304[0m 8.357 ms - -[0m
[0mGET /css/index.css [36m304[0m 1.049 ms - -[0m
[0mGET /js/index.js [36m304[0m 1.151 ms - -[0m
[0mGET / [36m304[0m 11.360 ms - -[0m
[0mGET /css/index.css [36m304[0m 1.964 ms - -[0m
[0mGET /js/index.js [36m304[0m 1.441 ms - -[0m
[0mGET / [36m304[0m 9.096 ms - -[0m
[0mGET /js/index.js [36m304[0m 0.468 ms - -[0m
[0mGET /css/index.css [32m200[0m 2.739 ms - 731[0m
[0mGET / [36m304[0m 13.265 ms - -[0m
[0mGET /css/index.css [36m304[0m 2.092 ms - -[0m
[0mGET /js/index.js [36m304[0m 0.775 ms - -[0m
[0mGET / [36m304[0m 8.210 ms - -[0m
[0mGET /css/index.css [36m304[0m 1.163 ms - -[0m
[0mGET /js/index.js [36m304[0m 1.270 ms - -[0m
[0mGET / [36m304[0m 7.632 ms - -[0m
[0mGET /css/index.css [36m304[0m 1.308 ms - -[0m
[0mGET /js/index.js [36m304[0m 0.666 ms - -[0m
[0mGET / [36m304[0m 14.590 ms - -[0m
[0mGET /css/index.css [36m304[0m 1.276 ms - -[0m
[0mGET /js/index.js [36m304[0m 1.964 ms - -[0m
[0mGET / [36m304[0m 12.757 ms - -[0m
[0mGET /css/index.css [36m304[0m 1.010 ms - -[0m
[0mGET /js/index.js [36m304[0m 1.022 ms - -[0m
[0mGET / [36m304[0m 14.488 ms - -[0m
[0mGET /css/index.css [36m304[0m 1.095 ms - -[0m
[0mGET /js/index.js [36m304[0m 1.047 ms - -[0m
[0mGET / [36m304[0m 9.441 ms - -[0m
[0mGET /css/index.css [36m304[0m 1.366 ms - -[0m
[0mGET /js/index.js [36m304[0m 0.895 ms - -[0m
[0mGET / [36m304[0m 11.722 ms - -[0m
[0mGET /css/index.css [36m304[0m 1.836 ms - -[0m
[0mGET /js/index.js [36m304[0m 4.523 ms - -[0m
[0mGET / [36m304[0m 9.338 ms - -[0m
[0mGET /css/index.css [36m304[0m 0.678 ms - -[0m
[0mGET /js/index.js [36m304[0m 0.653 ms - -[0m
[0mGET / [36m304[0m 10.670 ms - -[0m
[0mGET /css/index.css [36m304[0m 1.662 ms - -[0m
[0mGET /js/index.js [36m304[0m 1.527 ms - -[0m
[0mGET / [36m304[0m 6.623 ms - -[0m
[0mGET /js/index.js [36m304[0m 1.383 ms - -[0m
[0mGET /css/index.css [32m200[0m 6.677 ms - 737[0m
[0mGET / [36m304[0m 10.779 ms - -[0m
[0mGET /css/index.css [36m304[0m 1.706 ms - -[0m
[0mGET /js/index.js [36m304[0m 1.431 ms - -[0m
[0mGET / [36m304[0m 9.745 ms - -[0m
[0mGET /css/index.css [36m304[0m 0.827 ms - -[0m
[0mGET /js/index.js [36m304[0m 3.052 ms - -[0m
[0mGET / [36m304[0m 10.639 ms - -[0m
[0mGET /css/index.css [32m200[0m 1.471 ms - 737[0m
[0mGET /js/index.js [36m304[0m 0.658 ms - -[0m
[0mGET / [36m304[0m 10.271 ms - -[0m
[0mGET /css/index.css [36m304[0m 1.334 ms - -[0m
[0mGET /js/index.js [36m304[0m 1.239 ms - -[0m
[0mGET / [36m304[0m 11.467 ms - -[0m
[0mGET /css/index.css [36m304[0m 1.117 ms - -[0m
[0mGET /js/index.js [36m304[0m 1.491 ms - -[0m
[0mGET / [36m304[0m 9.217 ms - -[0m
[0mGET /css/index.css [36m304[0m 0.755 ms - -[0m
[0mGET /js/index.js [36m304[0m 0.805 ms - -[0m
[0mGET / [36m304[0m 6.223 ms - -[0m
[0mGET /css/index.css [36m304[0m 0.862 ms - -[0m
[0mGET /js/index.js [36m304[0m 3.461 ms - -[0m
[0mGET / [36m304[0m 7.359 ms - -[0m
[0mGET /css/index.css [36m304[0m 1.122 ms - -[0m
[0mGET /js/index.js [36m304[0m 0.769 ms - -[0m
[0mGET / [32m200[0m 11.159 ms - 456[0m
[0mGET /css/index.css [36m304[0m 0.800 ms - -[0m
[0mGET /js/index.js [36m304[0m 0.618 ms - -[0m
[0mGET / [36m304[0m 17.220 ms - -[0m
[0mGET /css/index.css [36m304[0m 1.222 ms - -[0m
[0mGET /js/index.js [36m304[0m 1.889 ms - -[0m
[0mGET / [36m304[0m 9.882 ms - -[0m
[0mGET /css/index.css [36m304[0m 1.170 ms - -[0m
[0mGET /js/index.js [36m304[0m 0.924 ms - -[0m
[0mGET / [32m200[0m 7.495 ms - 460[0m
[0mGET /css/index.css [36m304[0m 2.118 ms - -[0m
[0mGET /js/index.js [36m304[0m 2.476 ms - -[0m
[0mGET / [36m304[0m 13.733 ms - -[0m
[0mGET /css/index.css [36m304[0m 0.809 ms - -[0m
[0mGET /js/index.js [36m304[0m 0.859 ms - -[0m
[0mGET / [32m200[0m 7.321 ms - 461[0m
[0mGET /css/index.css [36m304[0m 1.621 ms - -[0m
[0mGET /js/index.js [36m304[0m 1.862 ms - -[0m
[0mGET / [36m304[0m 8.746 ms - -[0m
[0mGET /css/index.css [32m200[0m 1.211 ms - 907[0m
[0mGET /js/index.js [36m304[0m 0.671 ms - -[0m
[0mGET / [36m304[0m 6.656 ms - -[0m
[0mGET /js/index.js [36m304[0m 0.510 ms - -[0m
[0mGET /css/index.css [32m200[0m 1.451 ms - 899[0m
[0mGET / [36m304[0m 7.075 ms - -[0m
[0mGET /js/index.js [36m304[0m 4.621 ms - -[0m
[0mGET /css/index.css [32m200[0m 6.946 ms - 900[0m
[0mGET / [32m200[0m 7.909 ms - 461[0m
[0mGET /css/index.css [32m200[0m 0.820 ms - 900[0m
[0mGET /js/index.js [32m200[0m 0.828 ms - -[0m
[0mGET /icon.ico [33m404[0m 1.118 ms - 147[0m
[0mGET / [36m304[0m 10.929 ms - -[0m
[0mGET /js/index.js [36m304[0m 0.643 ms - -[0m
[0mGET /css/index.css [32m200[0m 1.922 ms - 900[0m
[0mGET / [36m304[0m 7.935 ms - -[0m
[0mGET /css/index.css [32m200[0m 1.098 ms - 900[0m
[0mGET /js/index.js [36m304[0m 0.577 ms - -[0m
[0mGET / [36m304[0m 9.717 ms - -[0m
[0mGET /js/index.js [36m304[0m 0.519 ms - -[0m
[0mGET /css/index.css [32m200[0m 2.046 ms - 1061[0m
[0mGET / [36m304[0m 12.071 ms - -[0m
[0mGET /js/index.js [36m304[0m 3.211 ms - -[0m
[0mGET /css/index.css [32m200[0m 6.659 ms - 1062[0m
[0mGET / [36m304[0m 12.929 ms - -[0m
[0mGET /js/index.js [36m304[0m 0.686 ms - -[0m
[0mGET /css/index.css [32m200[0m 1.966 ms - 1063[0m
[0mGET / [36m304[0m 9.842 ms - -[0m
[0mGET /js/index.js [36m304[0m 1.393 ms - -[0m
[0mGET /css/index.css [32m200[0m 5.206 ms - 1063[0m
[0mGET / [36m304[0m 12.113 ms - -[0m
[0mGET /js/index.js [36m304[0m 3.062 ms - -[0m
[0mGET /css/index.css [32m200[0m 3.321 ms - 1060[0m
[0mGET / [36m304[0m 9.199 ms - -[0m
[0mGET /js/index.js [36m304[0m 0.785 ms - -[0m
[0mGET /css/index.css [32m200[0m 2.068 ms - 1063[0m
[0mGET / [36m304[0m 10.272 ms - -[0m
[0mGET /js/index.js [36m304[0m 0.592 ms - -[0m
[0mGET /css/index.css [32m200[0m 3.585 ms - 1007[0m
[0mGET / [36m304[0m 9.239 ms - -[0m
[0mGET /js/index.js [36m304[0m 1.708 ms - -[0m
[0mGET /css/index.css [32m200[0m 8.336 ms - 1015[0m
[0mGET / [36m304[0m 8.400 ms - -[0m
[0mGET /js/index.js [36m304[0m 0.832 ms - -[0m
[0mGET /css/index.css [32m200[0m 3.708 ms - 1019[0m
[0mGET / [36m304[0m 10.769 ms - -[0m
[0mGET /css/index.css [32m200[0m 2.794 ms - 1022[0m
[0mGET /js/index.js [36m304[0m 0.766 ms - -[0m
[0mGET / [36m304[0m 8.609 ms - -[0m
[0mGET /js/index.js [36m304[0m 0.723 ms - -[0m
[0mGET /css/index.css [32m200[0m 1.864 ms - 1022[0m
[0mGET / [36m304[0m 9.887 ms - -[0m
[0mGET /js/index.js [36m304[0m 0.515 ms - -[0m
[0mGET /css/index.css [32m200[0m 3.225 ms - 1021[0m
[0mGET / [36m304[0m 7.753 ms - -[0m
[0mGET /js/index.js [36m304[0m 2.548 ms - -[0m
[0mGET /css/index.css [32m200[0m 3.455 ms - 1021[0m
[0mGET / [32m200[0m 11.954 ms - 531[0m
[0mGET /css/index.css [36m304[0m 1.000 ms - -[0m
[0mGET /js/index.js [36m304[0m 1.154 ms - -[0m
[0mGET / [32m200[0m 7.332 ms - 531[0m
[0mGET /css/index.css [36m304[0m 0.518 ms - -[0m
[0mGET /js/index.js [36m304[0m 0.545 ms - -[0m
[0mGET / [36m304[0m 10.554 ms - -[0m
[0mGET /css/index.css [32m200[0m 1.484 ms - 1047[0m
[0mGET /js/index.js [36m304[0m 0.679 ms - -[0m
[0mGET / [36m304[0m 9.438 ms - -[0m
[0mGET /js/index.js [36m304[0m 0.433 ms - -[0m
[0mGET /css/index.css [32m200[0m 1.583 ms - 1047[0m
[0mGET / [36m304[0m 9.601 ms - -[0m
[0mGET /css/index.css [36m304[0m 0.925 ms - -[0m
[0mGET /js/index.js [36m304[0m 0.943 ms - -[0m
[0mGET / [36m304[0m 10.356 ms - -[0m
[0mGET /js/index.js [36m304[0m 0.539 ms - -[0m
[0mGET /css/index.css [32m200[0m 2.030 ms - 1104[0m
[0mGET / [36m304[0m 11.062 ms - -[0m
[0mGET /css/index.css [36m304[0m 2.184 ms - -[0m
[0mGET /js/index.js [36m304[0m 3.410 ms - -[0m
[0mGET / [36m304[0m 9.775 ms - -[0m
[0mGET /css/index.css [32m200[0m 5.742 ms - 1104[0m
[0mGET /js/index.js [36m304[0m 0.618 ms - -[0m
[0mGET / [36m304[0m 7.839 ms - -[0m
[0mGET /js/index.js [36m304[0m 0.825 ms - -[0m
[0mGET /css/index.css [32m200[0m 1.728 ms - 1100[0m
[0mGET / [36m304[0m 10.468 ms - -[0m
[0mGET /css/index.css [32m200[0m 1.695 ms - 1102[0m
[0mGET /js/index.js [36m304[0m 0.816 ms - -[0m
[0mGET / [36m304[0m 9.728 ms - -[0m
[0mGET /js/index.js [36m304[0m 2.538 ms - -[0m
[0mGET /css/index.css [32m200[0m 6.082 ms - 1101[0m
